<?xml version="1.0" encoding="UTF-8"?>
<!-- Generated by org.testng.reporters.JUnitXMLReporter -->
<testsuite ignored="0" hostname="LAPTOP-EBL30HHN" failures="1" tests="4" name="Test" time="13.596" errors="0" timestamp="2025-03-12T00:07:54 IST">
  <testcase classname="NoMercy.Test.LoginTest" name="test1" time="0.469"/>
  <testcase classname="NoMercy.Test.LoginTest" name="test1" time="0.479"/>
  <testcase classname="NoMercy.Test.LoginTest" name="test2" time="1.29">
    <skipped/>
  </testcase> <!-- test2 -->
  <testcase classname="NoMercy.Test.LoginTest" name="test2" time="1.299">
    <failure type="java.lang.AssertionError" message="expected [Incorrect email or password.] but found [Incorrect email o password.]">
      <![CDATA[java.lang.AssertionError: expected [Incorrect email or password.] but found [Incorrect email o password.]
at NoMercy.Test.LoginTest.test2(LoginTest.java:45)
at java.base/java.util.ArrayList.forEach(ArrayList.java:1511)
... Removed 33 stack frames]]>
    </failure>
  </testcase> <!-- test2 -->
</testsuite> <!-- Test -->
