<?xml version="1.0" encoding="UTF-8"?>
<!-- Generated by org.testng.reporters.JUnitXMLReporter -->
<testsuite ignored="1" hostname="LAPTOP-EBL30HHN" failures="1" tests="2" name="Test" time="7.989" errors="0" timestamp="2025-03-12T01:44:23 IST">
  <testcase classname="NoMercy.Test.LoginTest" name="test2" time="1.246">
    <skipped/>
  </testcase> <!-- test2 -->
  <testcase classname="NoMercy.Test.LoginTest" name="test2" time="1.2">
    <failure type="java.lang.AssertionError" message="expected [Incorrect email or password.] but found [Incorrect email o password.]">
      <![CDATA[java.lang.AssertionError: expected [Incorrect email or password.] but found [Incorrect email o password.]
at NoMercy.Test.LoginTest.test2(LoginTest.java:45)
at java.base/java.util.ArrayList.forEach(ArrayList.java:1596)
... Removed 35 stack frames]]>
    </failure>
  </testcase> <!-- test2 -->
  <testcase classname="NoMercy.Test.LoginTest" name="test1" time="0.0">
    <ignored/>
  </testcase> <!-- test1 -->
</testsuite> <!-- Test -->
